TN:
SF:routes\api.js
FN:13,(anonymous_0)
FN:27,(anonymous_1)
FN:57,(anonymous_2)
FN:86,(anonymous_3)
FN:112,(anonymous_4)
FN:126,(anonymous_5)
FN:155,(anonymous_6)
FN:179,(anonymous_7)
FN:217,(anonymous_8)
FN:227,(anonymous_9)
FN:228,(anonymous_10)
FNF:11
FNH:0
FNDA:0,(anonymous_0)
FNDA:0,(anonymous_1)
FNDA:0,(anonymous_2)
FNDA:0,(anonymous_3)
FNDA:0,(anonymous_4)
FNDA:0,(anonymous_5)
FNDA:0,(anonymous_6)
FNDA:0,(anonymous_7)
FNDA:0,(anonymous_8)
FNDA:0,(anonymous_9)
FNDA:0,(anonymous_10)
DA:5,0
DA:6,0
DA:7,0
DA:8,0
DA:13,0
DA:14,0
DA:16,0
DA:17,0
DA:19,0
DA:20,0
DA:27,0
DA:28,0
DA:29,0
DA:32,0
DA:34,0
DA:35,0
DA:38,0
DA:40,0
DA:49,0
DA:50,0
DA:57,0
DA:58,0
DA:59,0
DA:60,0
DA:61,0
DA:63,0
DA:66,0
DA:73,0
DA:78,0
DA:79,0
DA:86,0
DA:87,0
DA:88,0
DA:89,0
DA:90,0
DA:91,0
DA:93,0
DA:94,0
DA:97,0
DA:99,0
DA:104,0
DA:105,0
DA:112,0
DA:113,0
DA:114,0
DA:115,0
DA:116,0
DA:118,0
DA:119,0
DA:122,0
DA:125,0
DA:126,0
DA:127,0
DA:130,0
DA:133,0
DA:134,0
DA:137,0
DA:140,0
DA:146,0
DA:147,0
DA:155,0
DA:156,0
DA:157,0
DA:158,0
DA:159,0
DA:161,0
DA:171,0
DA:172,0
DA:179,0
DA:180,0
DA:181,0
DA:182,0
DA:183,0
DA:185,0
DA:191,0
DA:192,0
DA:195,0
DA:196,0
DA:199,0
DA:200,0
DA:203,0
DA:209,0
DA:210,0
DA:217,0
DA:218,0
DA:219,0
DA:222,0
DA:223,0
DA:226,0
DA:227,0
DA:228,0
DA:229,0
DA:230,0
DA:234,0
DA:239,0
DA:240,0
DA:244,0
LF:97
LH:0
BRDA:34,0,0,0
BRDA:34,0,1,0
BRDA:60,1,0,0
BRDA:60,1,1,0
BRDA:90,2,0,0
BRDA:90,2,1,0
BRDA:93,3,0,0
BRDA:93,3,1,0
BRDA:93,4,0,0
BRDA:93,4,1,0
BRDA:105,5,0,0
BRDA:105,5,1,0
BRDA:118,6,0,0
BRDA:118,6,1,0
BRDA:118,7,0,0
BRDA:118,7,1,0
BRDA:118,7,2,0
BRDA:118,7,3,0
BRDA:126,8,0,0
BRDA:126,8,1,0
BRDA:130,9,0,0
BRDA:130,9,1,0
BRDA:134,10,0,0
BRDA:134,10,1,0
BRDA:191,11,0,0
BRDA:191,11,1,0
BRDA:195,12,0,0
BRDA:195,12,1,0
BRDA:199,13,0,0
BRDA:199,13,1,0
BRDA:229,14,0,0
BRDA:229,14,1,0
BRF:32
BRH:0
end_of_record
TN:
SF:routes\pages.js
FN:12,(anonymous_0)
FN:19,(anonymous_1)
FN:26,(anonymous_2)
FNF:3
FNH:0
FNDA:0,(anonymous_0)
FNDA:0,(anonymous_1)
FNDA:0,(anonymous_2)
DA:5,0
DA:6,0
DA:7,0
DA:12,0
DA:13,0
DA:19,0
DA:20,0
DA:26,0
DA:27,0
DA:30,0
LF:10
LH:0
BRF:0
BRH:0
end_of_record
TN:
SF:src\middleware\errorHandler.js
FN:15,errorHandler
FN:47,notFoundHandler
FNF:2
FNH:0
FNDA:0,errorHandler
FNDA:0,notFoundHandler
DA:5,0
DA:6,0
DA:16,0
DA:17,0
DA:20,0
DA:21,0
DA:23,0
DA:24,0
DA:25,0
DA:26,0
DA:27,0
DA:28,0
DA:29,0
DA:30,0
DA:31,0
DA:35,0
DA:48,0
DA:55,0
DA:56,0
LF:19
LH:0
BRDA:23,0,0,0
BRDA:23,0,1,0
BRDA:26,1,0,0
BRDA:26,1,1,0
BRDA:29,2,0,0
BRDA:29,2,1,0
BRDA:37,3,0,0
BRDA:37,3,1,0
BRF:8
BRH:0
end_of_record
TN:
SF:src\middleware\validation.js
FN:12,validateRoomName
FN:43,validateDrawingData
FN:74,validateRoomNameMiddleware
FN:93,validateDrawingDataMiddleware
FN:110,requestSizeLimitMiddleware
FN:111,(anonymous_5)
FNF:6
FNH:0
FNDA:0,validateRoomName
FNDA:0,validateDrawingData
FNDA:0,validateRoomNameMiddleware
FNDA:0,validateDrawingDataMiddleware
FNDA:0,requestSizeLimitMiddleware
FNDA:0,(anonymous_5)
DA:5,0
DA:13,0
DA:14,0
DA:17,0
DA:18,0
DA:19,0
DA:21,0
DA:22,0
DA:25,0
DA:26,0
DA:30,0
DA:31,0
DA:32,0
DA:35,0
DA:44,0
DA:45,0
DA:49,0
DA:50,0
DA:54,0
DA:55,0
DA:59,0
DA:60,0
DA:64,0
DA:65,0
DA:68,0
DA:75,0
DA:77,0
DA:78,0
DA:79,0
DA:86,0
DA:87,0
DA:94,0
DA:96,0
DA:97,0
DA:98,0
DA:104,0
DA:111,0
DA:112,0
DA:113,0
DA:114,0
DA:116,0
DA:120,0
LF:42
LH:0
BRDA:13,0,0,0
BRDA:13,0,1,0
BRDA:13,1,0,0
BRDA:13,1,1,0
BRDA:18,2,0,0
BRDA:18,2,1,0
BRDA:19,3,0,0
BRDA:19,3,1,0
BRDA:21,4,0,0
BRDA:21,4,1,0
BRDA:25,5,0,0
BRDA:25,5,1,0
BRDA:31,6,0,0
BRDA:31,6,1,0
BRDA:44,7,0,0
BRDA:44,7,1,0
BRDA:44,8,0,0
BRDA:44,8,1,0
BRDA:49,9,0,0
BRDA:49,9,1,0
BRDA:49,10,0,0
BRDA:49,10,1,0
BRDA:54,11,0,0
BRDA:54,11,1,0
BRDA:54,12,0,0
BRDA:54,12,1,0
BRDA:59,13,0,0
BRDA:59,13,1,0
BRDA:59,14,0,0
BRDA:59,14,1,0
BRDA:59,14,2,0
BRDA:64,15,0,0
BRDA:64,15,1,0
BRDA:64,16,0,0
BRDA:64,16,1,0
BRDA:78,17,0,0
BRDA:78,17,1,0
BRDA:97,18,0,0
BRDA:97,18,1,0
BRDA:110,19,0,0
BRDA:113,20,0,0
BRDA:113,20,1,0
BRF:42
BRH:0
end_of_record
TN:
SF:src\rooms\roomManager.js
FN:18,getRoomState
FN:40,createRoom
FN:70,verifyRoomPassword
FN:84,getRoomInfo
FN:98,updateRoomUsers
FN:121,addStrokeToRoom
FN:126,(anonymous_6)
FN:156,updateStrokeInRoom
FN:158,(anonymous_8)
FN:170,removeStrokeFromRoom
FN:172,(anonymous_10)
FN:182,getAllRoomsFromDB
FN:185,(anonymous_12)
FN:205,getActiveRooms
FN:213,(anonymous_14)
FN:285,clearRoomState
FN:297,cleanupInactiveRooms
FN:304,(anonymous_17)
FN:342,updateRoomActivity
FN:354,getRoomStats
FNF:20
FNH:12
FNDA:17,getRoomState
FNDA:3,createRoom
FNDA:2,verifyRoomPassword
FNDA:2,getRoomInfo
FNDA:0,updateRoomUsers
FNDA:3,addStrokeToRoom
FNDA:0,(anonymous_6)
FNDA:1,updateStrokeInRoom
FNDA:1,(anonymous_8)
FNDA:1,removeStrokeFromRoom
FNDA:1,(anonymous_10)
FNDA:0,getAllRoomsFromDB
FNDA:0,(anonymous_12)
FNDA:0,getActiveRooms
FNDA:0,(anonymous_14)
FNDA:0,clearRoomState
FNDA:3,cleanupInactiveRooms
FNDA:3,(anonymous_17)
FNDA:3,updateRoomActivity
FNDA:0,getRoomStats
DA:5,1
DA:6,1
DA:7,1
DA:8,1
DA:11,1
DA:19,17
DA:20,7
DA:28,7
DA:30,17
DA:41,3
DA:42,3
DA:43,3
DA:45,3
DA:46,1
DA:50,3
DA:53,2
DA:54,2
DA:56,2
DA:57,2
DA:59,1
DA:60,1
DA:71,2
DA:72,2
DA:74,1
DA:75,1
DA:85,2
DA:86,2
DA:88,1
DA:89,1
DA:99,0
DA:100,0
DA:101,0
DA:102,0
DA:105,0
DA:122,3
DA:123,3
DA:126,3
DA:127,0
DA:131,3
DA:132,3
DA:134,0
DA:135,0
DA:138,3
DA:146,3
DA:157,1
DA:158,1
DA:159,1
DA:160,1
DA:171,1
DA:172,1
DA:173,1
DA:174,1
DA:183,0
DA:184,0
DA:185,0
DA:195,0
DA:196,0
DA:206,0
DA:209,0
DA:212,0
DA:213,0
DA:216,0
DA:217,0
DA:218,0
DA:219,0
DA:221,0
DA:224,0
DA:225,0
DA:238,0
DA:239,0
DA:241,0
DA:242,0
DA:245,0
DA:258,0
DA:259,0
DA:272,0
DA:273,0
DA:274,0
DA:278,0
DA:286,0
DA:287,0
DA:288,0
DA:289,0
DA:298,3
DA:299,3
DA:301,3
DA:303,3
DA:304,3
DA:306,3
DA:307,18
DA:311,18
DA:314,18
DA:315,1
DA:316,1
DA:320,0
DA:322,0
DA:323,0
DA:324,0
DA:325,0
DA:326,0
DA:331,3
DA:332,1
DA:335,3
DA:343,3
DA:344,3
DA:346,0
DA:355,0
DA:362,0
DA:363,0
DA:364,0
DA:366,0
DA:367,0
DA:370,0
DA:373,1
LF:114
LH:61
BRDA:19,0,0,7
BRDA:19,0,1,10
BRDA:40,1,0,0
BRDA:40,2,0,0
BRDA:45,3,0,1
BRDA:45,3,1,2
BRDA:45,4,0,3
BRDA:45,4,1,1
BRDA:100,5,0,0
BRDA:100,5,1,0
BRDA:105,6,0,0
BRDA:105,6,1,0
BRDA:131,7,0,3
BRDA:131,7,1,0
BRDA:132,8,0,0
BRDA:132,8,1,3
BRDA:143,9,0,3
BRDA:143,9,1,0
BRDA:158,10,0,1
BRDA:158,10,1,1
BRDA:159,11,0,1
BRDA:159,11,1,0
BRDA:159,12,0,1
BRDA:159,12,1,1
BRDA:172,13,0,1
BRDA:172,13,1,1
BRDA:173,14,0,1
BRDA:173,14,1,0
BRDA:212,15,0,0
BRDA:212,15,1,0
BRDA:218,16,0,0
BRDA:218,16,1,0
BRDA:224,17,0,0
BRDA:224,17,1,0
BRDA:239,18,0,0
BRDA:239,18,1,0
BRDA:242,19,0,0
BRDA:242,19,1,0
BRDA:273,20,0,0
BRDA:273,20,1,0
BRDA:273,21,0,0
BRDA:273,21,1,0
BRDA:297,22,0,0
BRDA:297,23,0,3
BRDA:311,24,0,4
BRDA:311,24,1,14
BRDA:314,25,0,1
BRDA:314,25,1,17
BRDA:314,26,0,18
BRDA:314,26,1,16
BRDA:314,26,2,13
BRDA:324,27,0,0
BRDA:324,27,1,0
BRDA:324,28,0,0
BRDA:324,28,1,0
BRDA:331,29,0,1
BRDA:331,29,1,2
BRDA:363,30,0,0
BRDA:363,30,1,0
BRF:59
BRH:27
end_of_record
TN:
SF:src\server\app.js
FN:17,createApp
FN:34,(anonymous_1)
FN:50,(anonymous_2)
FNF:3
FNH:0
FNDA:0,createApp
FNDA:0,(anonymous_1)
FNDA:0,(anonymous_2)
DA:5,0
DA:6,0
DA:7,0
DA:8,0
DA:9,0
DA:10,0
DA:18,0
DA:21,0
DA:24,0
DA:25,0
DA:28,0
DA:31,0
DA:34,0
DA:35,0
DA:36,0
DA:37,0
DA:38,0
DA:39,0
DA:41,0
DA:46,0
DA:47,0
DA:50,0
DA:51,0
DA:55,0
DA:57,0
DA:60,0
LF:26
LH:0
BRDA:38,0,0,0
BRDA:38,0,1,0
BRF:2
BRH:0
end_of_record
TN:
SF:src\socket\socketHandler.js
FN:12,setupSocketHandlers
FN:13,(anonymous_1)
FN:20,(anonymous_2)
FN:46,(anonymous_3)
FN:76,(anonymous_4)
FN:122,(anonymous_5)
FN:127,(anonymous_6)
FN:132,(anonymous_7)
FN:137,(anonymous_8)
FN:142,(anonymous_9)
FN:147,(anonymous_10)
FN:152,(anonymous_11)
FN:161,handleJoinRoom
FN:187,updateUsersList
FN:217,handleGetRooms
FN:230,handleRequestRoomState
FN:239,handleDrawStart
FN:254,handleDrawContinue
FN:269,handleDrawEnd
FN:280,handleClearCanvas
FN:295,handleDisconnect
FNF:21
FNH:0
FNDA:0,setupSocketHandlers
FNDA:0,(anonymous_1)
FNDA:0,(anonymous_2)
FNDA:0,(anonymous_3)
FNDA:0,(anonymous_4)
FNDA:0,(anonymous_5)
FNDA:0,(anonymous_6)
FNDA:0,(anonymous_7)
FNDA:0,(anonymous_8)
FNDA:0,(anonymous_9)
FNDA:0,(anonymous_10)
FNDA:0,(anonymous_11)
FNDA:0,handleJoinRoom
FNDA:0,updateUsersList
FNDA:0,handleGetRooms
FNDA:0,handleRequestRoomState
FNDA:0,handleDrawStart
FNDA:0,handleDrawContinue
FNDA:0,handleDrawEnd
FNDA:0,handleClearCanvas
FNDA:0,handleDisconnect
DA:5,0
DA:6,0
DA:13,0
DA:14,0
DA:16,0
DA:17,0
DA:20,0
DA:21,0
DA:22,0
DA:23,0
DA:24,0
DA:26,0
DA:29,0
DA:31,0
DA:38,0
DA:40,0
DA:41,0
DA:46,0
DA:47,0
DA:48,0
DA:49,0
DA:51,0
DA:52,0
DA:53,0
DA:56,0
DA:57,0
DA:58,0
DA:61,0
DA:63,0
DA:68,0
DA:70,0
DA:71,0
DA:76,0
DA:77,0
DA:78,0
DA:79,0
DA:82,0
DA:83,0
DA:84,0
DA:85,0
DA:87,0
DA:88,0
DA:90,0
DA:94,0
DA:97,0
DA:99,0
DA:100,0
DA:101,0
DA:102,0
DA:104,0
DA:106,0
DA:107,0
DA:111,0
DA:112,0
DA:114,0
DA:116,0
DA:117,0
DA:122,0
DA:123,0
DA:127,0
DA:128,0
DA:132,0
DA:133,0
DA:137,0
DA:138,0
DA:142,0
DA:143,0
DA:147,0
DA:148,0
DA:152,0
DA:153,0
DA:162,0
DA:164,0
DA:165,0
DA:166,0
DA:169,0
DA:170,0
DA:171,0
DA:172,0
DA:175,0
DA:176,0
DA:179,0
DA:181,0
DA:188,0
DA:189,0
DA:191,0
DA:193,0
DA:194,0
DA:195,0
DA:196,0
DA:203,0
DA:211,0
DA:218,0
DA:219,0
DA:220,0
DA:222,0
DA:223,0
DA:231,0
DA:232,0
DA:233,0
DA:240,0
DA:241,0
DA:244,0
DA:245,0
DA:248,0
DA:255,0
DA:256,0
DA:259,0
DA:260,0
DA:263,0
DA:270,0
DA:271,0
DA:274,0
DA:281,0
DA:282,0
DA:285,0
DA:287,0
DA:289,0
DA:296,0
DA:297,0
DA:300,0
DA:301,0
DA:302,0
DA:306,0
LF:124
LH:0
BRDA:20,0,0,0
BRDA:46,1,0,0
BRDA:48,2,0,0
BRDA:48,2,1,0
BRDA:51,3,0,0
BRDA:51,3,1,0
BRDA:56,4,0,0
BRDA:56,4,1,0
BRDA:71,5,0,0
BRDA:71,5,1,0
BRDA:76,6,0,0
BRDA:78,7,0,0
BRDA:78,7,1,0
BRDA:78,8,0,0
BRDA:78,8,1,0
BRDA:82,9,0,0
BRDA:82,9,1,0
BRDA:83,10,0,0
BRDA:83,10,1,0
BRDA:97,11,0,0
BRDA:97,11,1,0
BRDA:97,12,0,0
BRDA:97,12,1,0
BRDA:100,13,0,0
BRDA:100,13,1,0
BRDA:104,14,0,0
BRDA:104,14,1,0
BRDA:117,15,0,0
BRDA:117,15,1,0
BRDA:127,16,0,0
BRDA:162,17,0,0
BRDA:162,17,1,0
BRDA:162,18,0,0
BRDA:162,18,1,0
BRDA:164,19,0,0
BRDA:164,19,1,0
BRDA:189,20,0,0
BRDA:189,20,1,0
BRDA:195,21,0,0
BRDA:195,21,1,0
BRDA:195,22,0,0
BRDA:195,22,1,0
BRDA:231,23,0,0
BRDA:231,23,1,0
BRDA:231,24,0,0
BRDA:231,24,1,0
BRDA:231,24,2,0
BRDA:240,25,0,0
BRDA:240,25,1,0
BRDA:244,26,0,0
BRDA:244,26,1,0
BRDA:244,27,0,0
BRDA:244,27,1,0
BRDA:244,27,2,0
BRDA:255,28,0,0
BRDA:255,28,1,0
BRDA:259,29,0,0
BRDA:259,29,1,0
BRDA:259,30,0,0
BRDA:259,30,1,0
BRDA:259,30,2,0
BRDA:270,31,0,0
BRDA:270,31,1,0
BRDA:281,32,0,0
BRDA:281,32,1,0
BRDA:296,33,0,0
BRDA:296,33,1,0
BRDA:296,34,0,0
BRDA:296,34,1,0
BRDA:300,35,0,0
BRDA:300,35,1,0
BRF:71
BRH:0
end_of_record
TN:
SF:src\utils\config.js
FN:8,(anonymous_0)
FN:13,(anonymous_1)
FN:37,(anonymous_2)
FN:38,(anonymous_3)
FN:41,(anonymous_4)
FN:44,(anonymous_5)
FN:51,(anonymous_6)
FNF:7
FNH:4
FNDA:1,(anonymous_0)
FNDA:1,(anonymous_1)
FNDA:3,(anonymous_2)
FNDA:6,(anonymous_3)
FNDA:0,(anonymous_4)
FNDA:0,(anonymous_5)
FNDA:0,(anonymous_6)
DA:4,1
DA:5,1
DA:9,1
DA:10,1
DA:14,1
DA:16,1
DA:17,1
DA:18,1
DA:19,1
DA:22,0
DA:24,0
DA:32,1
DA:33,1
DA:34,1
DA:38,6
DA:42,0
DA:43,0
DA:44,0
DA:45,0
DA:46,0
DA:48,0
DA:52,0
DA:56,1
LF:23
LH:14
BRDA:17,0,0,1
BRDA:17,0,1,0
BRDA:32,1,0,1
BRDA:32,1,1,1
BRDA:33,2,0,1
BRDA:33,2,1,1
BRDA:34,3,0,1
BRDA:34,3,1,0
BRDA:38,4,0,6
BRDA:38,4,1,6
BRDA:45,5,0,0
BRDA:45,5,1,0
BRF:12
BRH:8
end_of_record
TN:
SF:src\utils\database.js
FN:18,(anonymous_0)
FN:28,initializeTables
FN:71,(anonymous_2)
FN:72,(anonymous_3)
FN:81,(anonymous_4)
FN:92,(anonymous_5)
FN:93,(anonymous_6)
FN:94,(anonymous_7)
FN:105,(anonymous_8)
FN:106,(anonymous_9)
FN:112,(anonymous_10)
FN:123,(anonymous_11)
FN:124,(anonymous_12)
FN:128,(anonymous_13)
FN:136,(anonymous_14)
FN:144,(anonymous_15)
FN:152,(anonymous_16)
FN:168,(anonymous_17)
FN:169,(anonymous_18)
FN:173,(anonymous_19)
FN:184,(anonymous_20)
FN:185,(anonymous_21)
FN:186,(anonymous_22)
FN:200,(anonymous_23)
FN:202,(anonymous_24)
FN:210,(anonymous_25)
FN:221,(anonymous_26)
FN:222,(anonymous_27)
FN:223,(anonymous_28)
FN:234,(anonymous_29)
FN:236,(anonymous_30)
FN:237,(anonymous_31)
FN:257,(anonymous_32)
FN:258,(anonymous_33)
FN:263,(anonymous_34)
FN:274,(anonymous_35)
FN:275,(anonymous_36)
FN:280,(anonymous_37)
FN:294,(anonymous_38)
FN:295,(anonymous_39)
FN:299,(anonymous_40)
FN:310,(anonymous_41)
FN:311,(anonymous_42)
FN:317,(anonymous_43)
FN:328,(anonymous_44)
FN:329,(anonymous_45)
FN:330,(anonymous_46)
FN:341,(anonymous_47)
FN:342,(anonymous_48)
FN:343,(anonymous_49)
FN:354,(anonymous_50)
FN:355,(anonymous_51)
FN:359,(anonymous_52)
FN:370,(anonymous_53)
FN:371,(anonymous_54)
FN:372,(anonymous_55)
FN:383,(anonymous_56)
FN:384,(anonymous_57)
FN:388,(anonymous_58)
FN:396,(anonymous_59)
FN:404,(anonymous_60)
FN:412,(anonymous_61)
FNF:62
FNH:29
FNDA:1,(anonymous_0)
FNDA:1,initializeTables
FNDA:2,(anonymous_2)
FNDA:2,(anonymous_3)
FNDA:2,(anonymous_4)
FNDA:3,(anonymous_5)
FNDA:3,(anonymous_6)
FNDA:3,(anonymous_7)
FNDA:1,(anonymous_8)
FNDA:1,(anonymous_9)
FNDA:1,(anonymous_10)
FNDA:0,(anonymous_11)
FNDA:0,(anonymous_12)
FNDA:0,(anonymous_13)
FNDA:0,(anonymous_14)
FNDA:0,(anonymous_15)
FNDA:0,(anonymous_16)
FNDA:0,(anonymous_17)
FNDA:0,(anonymous_18)
FNDA:0,(anonymous_19)
FNDA:0,(anonymous_20)
FNDA:0,(anonymous_21)
FNDA:0,(anonymous_22)
FNDA:2,(anonymous_23)
FNDA:2,(anonymous_24)
FNDA:2,(anonymous_25)
FNDA:3,(anonymous_26)
FNDA:3,(anonymous_27)
FNDA:3,(anonymous_28)
FNDA:2,(anonymous_29)
FNDA:2,(anonymous_30)
FNDA:2,(anonymous_31)
FNDA:0,(anonymous_32)
FNDA:0,(anonymous_33)
FNDA:0,(anonymous_34)
FNDA:0,(anonymous_35)
FNDA:0,(anonymous_36)
FNDA:0,(anonymous_37)
FNDA:3,(anonymous_38)
FNDA:3,(anonymous_39)
FNDA:3,(anonymous_40)
FNDA:2,(anonymous_41)
FNDA:2,(anonymous_42)
FNDA:2,(anonymous_43)
FNDA:1,(anonymous_44)
FNDA:1,(anonymous_45)
FNDA:1,(anonymous_46)
FNDA:0,(anonymous_47)
FNDA:0,(anonymous_48)
FNDA:0,(anonymous_49)
FNDA:0,(anonymous_50)
FNDA:0,(anonymous_51)
FNDA:0,(anonymous_52)
FNDA:0,(anonymous_53)
FNDA:0,(anonymous_54)
FNDA:0,(anonymous_55)
FNDA:0,(anonymous_56)
FNDA:0,(anonymous_57)
FNDA:0,(anonymous_58)
FNDA:0,(anonymous_59)
FNDA:0,(anonymous_60)
FNDA:0,(anonymous_61)
DA:5,2
DA:6,2
DA:7,2
DA:9,2
DA:12,2
DA:13,2
DA:14,0
DA:18,2
DA:19,1
DA:20,0
DA:22,1
DA:23,1
DA:30,1
DA:42,1
DA:55,1
DA:69,2
DA:72,2
DA:73,2
DA:82,2
DA:83,0
DA:85,2
DA:93,3
DA:94,3
DA:95,3
DA:96,0
DA:98,3
DA:106,1
DA:107,1
DA:113,1
DA:114,0
DA:116,1
DA:124,0
DA:125,0
DA:128,0
DA:129,0
DA:130,0
DA:131,0
DA:133,0
DA:136,0
DA:137,0
DA:138,0
DA:139,0
DA:141,0
DA:144,0
DA:145,0
DA:146,0
DA:147,0
DA:149,0
DA:152,0
DA:153,0
DA:154,0
DA:155,0
DA:157,0
DA:159,0
DA:169,0
DA:170,0
DA:171,0
DA:173,0
DA:174,0
DA:175,0
DA:177,0
DA:185,0
DA:186,0
DA:187,0
DA:188,0
DA:190,0
DA:198,2
DA:201,2
DA:202,2
DA:203,2
DA:211,2
DA:212,0
DA:214,2
DA:222,3
DA:223,3
DA:224,3
DA:225,0
DA:227,3
DA:235,2
DA:236,2
DA:237,2
DA:238,2
DA:239,0
DA:240,2
DA:241,0
DA:242,2
DA:243,0
DA:245,2
DA:246,2
DA:247,2
DA:249,0
DA:258,0
DA:259,0
DA:264,0
DA:265,0
DA:267,0
DA:275,0
DA:276,0
DA:281,0
DA:282,0
DA:284,0
DA:292,2
DA:295,3
DA:296,3
DA:300,3
DA:301,0
DA:303,3
DA:311,2
DA:312,2
DA:318,2
DA:319,0
DA:321,2
DA:329,1
DA:330,1
DA:331,1
DA:332,0
DA:334,1
DA:342,0
DA:343,0
DA:344,0
DA:345,0
DA:347,0
DA:355,0
DA:356,0
DA:357,0
DA:359,0
DA:360,0
DA:361,0
DA:363,0
DA:371,0
DA:372,0
DA:373,0
DA:374,0
DA:376,0
DA:384,0
DA:385,0
DA:388,0
DA:389,0
DA:390,0
DA:391,0
DA:393,0
DA:396,0
DA:397,0
DA:398,0
DA:399,0
DA:401,0
DA:404,0
DA:405,0
DA:406,0
DA:407,0
DA:409,0
DA:412,0
DA:413,0
DA:414,0
DA:415,0
DA:417,0
DA:419,0
DA:428,2
LF:158
LH:59
BRDA:13,0,0,0
BRDA:13,0,1,2
BRDA:19,1,0,0
BRDA:19,1,1,1
BRDA:82,2,0,0
BRDA:82,2,1,2
BRDA:95,3,0,0
BRDA:95,3,1,3
BRDA:113,4,0,0
BRDA:113,4,1,1
BRDA:129,5,0,0
BRDA:129,5,1,0
BRDA:137,6,0,0
BRDA:137,6,1,0
BRDA:145,7,0,0
BRDA:145,7,1,0
BRDA:153,8,0,0
BRDA:153,8,1,0
BRDA:168,9,0,0
BRDA:174,10,0,0
BRDA:174,10,1,0
BRDA:187,11,0,0
BRDA:187,11,1,0
BRDA:200,12,0,0
BRDA:200,13,0,0
BRDA:211,14,0,0
BRDA:211,14,1,2
BRDA:224,15,0,0
BRDA:224,15,1,3
BRDA:238,16,0,0
BRDA:238,16,1,2
BRDA:240,17,0,0
BRDA:240,17,1,2
BRDA:242,18,0,0
BRDA:242,18,1,2
BRDA:264,19,0,0
BRDA:264,19,1,0
BRDA:281,20,0,0
BRDA:281,20,1,0
BRDA:300,21,0,0
BRDA:300,21,1,3
BRDA:318,22,0,0
BRDA:318,22,1,2
BRDA:331,23,0,0
BRDA:331,23,1,1
BRDA:344,24,0,0
BRDA:344,24,1,0
BRDA:354,25,0,0
BRDA:360,26,0,0
BRDA:360,26,1,0
BRDA:373,27,0,0
BRDA:373,27,1,0
BRDA:389,28,0,0
BRDA:389,28,1,0
BRDA:397,29,0,0
BRDA:397,29,1,0
BRDA:405,30,0,0
BRDA:405,30,1,0
BRDA:413,31,0,0
BRDA:413,31,1,0
BRF:60
BRH:13
end_of_record
TN:
SF:src\utils\logger.js
FN:5,(anonymous_0)
FN:9,(anonymous_1)
FN:15,(anonymous_2)
FN:19,(anonymous_3)
FN:23,(anonymous_4)
FN:27,(anonymous_5)
FNF:6
FNH:0
FNDA:0,(anonymous_0)
FNDA:0,(anonymous_1)
FNDA:0,(anonymous_2)
FNDA:0,(anonymous_3)
FNDA:0,(anonymous_4)
FNDA:0,(anonymous_5)
DA:6,0
DA:10,0
DA:11,0
DA:12,0
DA:16,0
DA:20,0
DA:24,0
DA:28,0
DA:29,0
DA:34,1
LF:10
LH:1
BRDA:5,0,0,0
BRDA:11,1,0,0
BRDA:11,1,1,0
BRDA:28,2,0,0
BRDA:28,2,1,0
BRF:5
BRH:0
end_of_record
TN:
SF:src\utils\userManager.js
FN:9,(anonymous_0)
FN:20,(anonymous_1)
FN:97,(anonymous_2)
FN:125,(anonymous_3)
FN:158,(anonymous_4)
FN:166,(anonymous_5)
FN:174,(anonymous_6)
FN:182,(anonymous_7)
FN:190,(anonymous_8)
FNF:9
FNH:0
FNDA:0,(anonymous_0)
FNDA:0,(anonymous_1)
FNDA:0,(anonymous_2)
FNDA:0,(anonymous_3)
FNDA:0,(anonymous_4)
FNDA:0,(anonymous_5)
FNDA:0,(anonymous_6)
FNDA:0,(anonymous_7)
FNDA:0,(anonymous_8)
DA:5,0
DA:6,0
DA:10,0
DA:21,0
DA:23,0
DA:24,0
DA:26,0
DA:32,0
DA:36,0
DA:37,0
DA:38,0
DA:39,0
DA:44,0
DA:46,0
DA:52,0
DA:57,0
DA:58,0
DA:60,0
DA:61,0
DA:63,0
DA:71,0
DA:77,0
DA:78,0
DA:82,0
DA:85,0
DA:87,0
DA:98,0
DA:99,0
DA:100,0
DA:101,0
DA:104,0
DA:105,0
DA:107,0
DA:113,0
DA:114,0
DA:126,0
DA:127,0
DA:131,0
DA:132,0
DA:133,0
DA:137,0
DA:138,0
DA:141,0
DA:144,0
DA:147,0
DA:148,0
DA:150,0
DA:159,0
DA:167,0
DA:175,0
DA:183,0
DA:191,0
DA:195,0
LF:53
LH:0
BRDA:23,0,0,0
BRDA:23,0,1,0
BRDA:23,1,0,0
BRDA:23,1,1,0
BRDA:36,2,0,0
BRDA:36,2,1,0
BRDA:38,3,0,0
BRDA:38,3,1,0
BRDA:58,4,0,0
BRDA:58,4,1,0
BRDA:126,5,0,0
BRDA:126,5,1,0
BRDA:126,6,0,0
BRDA:126,6,1,0
BRDA:132,7,0,0
BRDA:132,7,1,0
BRDA:132,8,0,0
BRDA:132,8,1,0
BRDA:132,8,2,0
BRDA:137,9,0,0
BRDA:137,9,1,0
BRDA:159,10,0,0
BRDA:159,10,1,0
BRF:23
BRH:0
end_of_record
TN:
SF:src\utils\validation.js
FN:10,validateRoomName
FN:37,validateDrawingData
FN:65,sanitizeString
FNF:3
FNH:0
FNDA:0,validateRoomName
FNDA:0,validateDrawingData
FNDA:0,sanitizeString
DA:11,0
DA:12,0
DA:15,0
DA:16,0
DA:17,0
DA:20,0
DA:21,0
DA:25,0
DA:26,0
DA:29,0
DA:38,0
DA:39,0
DA:42,0
DA:43,0
DA:44,0
DA:45,0
DA:49,0
DA:50,0
DA:53,0
DA:54,0
DA:57,0
DA:66,0
DA:67,0
DA:70,0
LF:24
LH:0
BRDA:11,0,0,0
BRDA:11,0,1,0
BRDA:11,1,0,0
BRDA:11,1,1,0
BRDA:16,2,0,0
BRDA:16,2,1,0
BRDA:20,3,0,0
BRDA:20,3,1,0
BRDA:25,4,0,0
BRDA:25,4,1,0
BRDA:38,5,0,0
BRDA:38,5,1,0
BRDA:38,6,0,0
BRDA:38,6,1,0
BRDA:44,7,0,0
BRDA:44,7,1,0
BRDA:49,8,0,0
BRDA:49,8,1,0
BRDA:49,9,0,0
BRDA:49,9,1,0
BRDA:53,10,0,0
BRDA:53,10,1,0
BRDA:53,11,0,0
BRDA:53,11,1,0
BRDA:53,11,2,0
BRDA:66,12,0,0
BRDA:66,12,1,0
BRDA:66,13,0,0
BRDA:66,13,1,0
BRF:29
BRH:0
end_of_record
